2022-03-21 14:15:29,209 INFO  main                             - service published.  interfaceId[com.example.server.api.TestApi]; protocol[bolt]
2022-03-21 14:28:01,767 INFO  main                             - Welcome! Loading SOFA RPC Framework : 5.7.7_20210129173053, PID is:5205
2022-03-21 14:28:01,786 INFO  main                             - Install Module: fault-tolerance
2022-03-21 14:28:01,803 INFO  main                             - Install Module: sofaTracer-resteasy
2022-03-21 14:28:01,961 INFO  main                             - The module lookout does not need to be loaded.
2022-03-21 14:28:01,962 INFO  main                             - Install Module: sofaTracer
2022-03-21 14:28:02,013 INFO  main                             - Export provider config : com.example.server.api.TestApi::bolt with bean id rpc-cfg-0
2022-03-21 14:28:02,419 INFO  main                             - service published.  interfaceId[com.example.server.api.TestApi]; protocol[bolt]
2022-03-21 14:33:12,245 WARN  SOFA-RPC-ShutdownHook            - SOFA RPC Framework catch JVM shutdown event, Run shutdown hook now.
2022-03-21 14:33:12,259 INFO  SpringContextShutdownHook        - Unexport provider config : com.example.server.api.TestApi::bolt with bean id rpc-cfg-0
2022-03-21 14:33:12,287 INFO  SOFA-RPC-ShutdownHook            - Uninstall Module: fault-tolerance
2022-03-21 14:33:12,288 INFO  SOFA-RPC-ShutdownHook            - Uninstall Module: sofaTracer-resteasy
2022-03-21 14:33:12,288 INFO  SOFA-RPC-ShutdownHook            - Uninstall Module: sofaTracer
2022-03-21 14:33:12,291 WARN  SOFA-RPC-ShutdownHook            - SOFA RPC Framework has been release all resources ...
2022-03-21 14:34:58,290 INFO  main                             - Welcome! Loading SOFA RPC Framework : 5.7.7_20210129173053, PID is:5288
2022-03-21 14:34:58,338 INFO  main                             - Install Module: fault-tolerance
2022-03-21 14:34:58,423 INFO  main                             - Install Module: sofaTracer-resteasy
2022-03-21 14:34:58,558 INFO  main                             - The module lookout does not need to be loaded.
2022-03-21 14:34:58,559 INFO  main                             - Install Module: sofaTracer
2022-03-21 14:34:58,607 INFO  main                             - Export provider config : com.example.server.api.TestApi::bolt with bean id rpc-cfg-0
2022-03-21 14:34:59,767 INFO  main                             - service published.  interfaceId[com.example.server.api.TestApi]; protocol[bolt]
2022-03-21 14:35:54,616 WARN  SOFA-RPC-ShutdownHook            - SOFA RPC Framework catch JVM shutdown event, Run shutdown hook now.
2022-03-21 14:35:54,638 INFO  SpringContextShutdownHook        - Unexport provider config : com.example.server.api.TestApi::bolt with bean id rpc-cfg-0
2022-03-21 14:35:54,696 INFO  SOFA-RPC-ShutdownHook            - Uninstall Module: fault-tolerance
2022-03-21 14:35:54,697 INFO  SOFA-RPC-ShutdownHook            - Uninstall Module: sofaTracer-resteasy
2022-03-21 14:35:54,698 INFO  SOFA-RPC-ShutdownHook            - Uninstall Module: sofaTracer
2022-03-21 14:35:54,699 WARN  SOFA-RPC-ShutdownHook            - SOFA RPC Framework has been release all resources ...
