2022-03-21 14:15:28,845 INFO  main                             - Found 1 HealthChecker implementation:sofaComponentHealthChecker
2022-03-21 14:15:28,858 INFO  main                             - Found 2 HealthIndicator implementation:diskSpaceHealthIndicator,pingHealthContributor
2022-03-21 14:15:28,859 INFO  main                             - Found 1 ReadinessCheckCallback implementation: rpcAfterHealthCheckCallback
2022-03-21 14:15:28,862 INFO  main                             - Begin SOFABoot HealthChecker readiness check.
2022-03-21 14:15:28,864 INFO  main                             - SOFABoot HealthChecker readiness check 1 item: SOFABoot-Components.
2022-03-21 14:15:28,865 INFO  main                             - HealthChecker[sofaComponentHealthChecker] readiness check start.
2022-03-21 14:15:28,866 INFO  main                             - Create health-check thread pool, corePoolSize: 1, maxPoolSize: 1.
2022-03-21 14:15:28,913 INFO  main                             - HealthChecker[sofaComponentHealthChecker] readiness check success with 0 retry.
2022-03-21 14:15:28,913 INFO  main                             - SOFABoot HealthChecker readiness check result: success.
2022-03-21 14:15:28,914 INFO  main                             - Begin SOFABoot HealthIndicator readiness check.
2022-03-21 14:15:28,915 INFO  main                             - SOFABoot HealthChecker readiness check 2 item: diskSpaceHealthIndicator,pingHealthContributor.
2022-03-21 14:15:28,915 INFO  main                             - HealthIndicator[diskSpaceHealthIndicator] readiness check start.
2022-03-21 14:15:28,916 INFO  main                             - HealthIndicator[diskSpaceHealthIndicator] readiness check success.
2022-03-21 14:15:28,916 INFO  main                             - HealthIndicator[pingHealthContributor] readiness check start.
2022-03-21 14:15:28,917 INFO  main                             - HealthIndicator[pingHealthContributor] readiness check success.
2022-03-21 14:15:28,917 INFO  main                             - SOFABoot HealthIndicator readiness check result: success.
2022-03-21 14:15:28,917 INFO  main                             - Invoking all readiness check callbacks...
2022-03-21 14:15:28,918 INFO  main                             - Begin ReadinessCheckCallback readiness check
2022-03-21 14:15:29,219 INFO  main                             - SOFABoot ReadinessCheckCallback[rpcAfterHealthCheckCallback] check success.
2022-03-21 14:15:29,220 INFO  main                             - ReadinessCheckCallback readiness check result: success.
2022-03-21 14:15:29,223 INFO  main                             - Readiness check result: success
2022-03-21 14:28:02,134 INFO  main                             - Found 1 HealthChecker implementation:sofaComponentHealthChecker
2022-03-21 14:28:02,140 INFO  main                             - Found 2 HealthIndicator implementation:diskSpaceHealthIndicator,pingHealthContributor
2022-03-21 14:28:02,141 INFO  main                             - Found 1 ReadinessCheckCallback implementation: rpcAfterHealthCheckCallback
2022-03-21 14:28:02,142 INFO  main                             - Begin SOFABoot HealthChecker readiness check.
2022-03-21 14:28:02,144 INFO  main                             - SOFABoot HealthChecker readiness check 1 item: SOFABoot-Components.
2022-03-21 14:28:02,145 INFO  main                             - HealthChecker[sofaComponentHealthChecker] readiness check start.
2022-03-21 14:28:02,146 INFO  main                             - Create health-check thread pool, corePoolSize: 1, maxPoolSize: 1.
2022-03-21 14:28:02,189 INFO  main                             - HealthChecker[sofaComponentHealthChecker] readiness check success with 0 retry.
2022-03-21 14:28:02,189 INFO  main                             - SOFABoot HealthChecker readiness check result: success.
2022-03-21 14:28:02,190 INFO  main                             - Begin SOFABoot HealthIndicator readiness check.
2022-03-21 14:28:02,190 INFO  main                             - SOFABoot HealthChecker readiness check 2 item: diskSpaceHealthIndicator,pingHealthContributor.
2022-03-21 14:28:02,191 INFO  main                             - HealthIndicator[diskSpaceHealthIndicator] readiness check start.
2022-03-21 14:28:02,192 INFO  main                             - HealthIndicator[diskSpaceHealthIndicator] readiness check success.
2022-03-21 14:28:02,192 INFO  main                             - HealthIndicator[pingHealthContributor] readiness check start.
2022-03-21 14:28:02,193 INFO  main                             - HealthIndicator[pingHealthContributor] readiness check success.
2022-03-21 14:28:02,193 INFO  main                             - SOFABoot HealthIndicator readiness check result: success.
2022-03-21 14:28:02,193 INFO  main                             - Invoking all readiness check callbacks...
2022-03-21 14:28:02,194 INFO  main                             - Begin ReadinessCheckCallback readiness check
2022-03-21 14:28:02,424 INFO  main                             - SOFABoot ReadinessCheckCallback[rpcAfterHealthCheckCallback] check success.
2022-03-21 14:28:02,424 INFO  main                             - ReadinessCheckCallback readiness check result: success.
2022-03-21 14:28:02,424 INFO  main                             - Readiness check result: success
2022-03-21 14:34:59,020 INFO  main                             - Found 1 HealthChecker implementation:sofaComponentHealthChecker
2022-03-21 14:34:59,030 INFO  main                             - Found 2 HealthIndicator implementation:diskSpaceHealthIndicator,pingHealthContributor
2022-03-21 14:34:59,034 INFO  main                             - Found 1 ReadinessCheckCallback implementation: rpcAfterHealthCheckCallback
2022-03-21 14:34:59,036 INFO  main                             - Begin SOFABoot HealthChecker readiness check.
2022-03-21 14:34:59,042 INFO  main                             - SOFABoot HealthChecker readiness check 1 item: SOFABoot-Components.
2022-03-21 14:34:59,044 INFO  main                             - HealthChecker[sofaComponentHealthChecker] readiness check start.
2022-03-21 14:34:59,046 INFO  main                             - Create health-check thread pool, corePoolSize: 1, maxPoolSize: 1.
2022-03-21 14:34:59,139 INFO  main                             - HealthChecker[sofaComponentHealthChecker] readiness check success with 0 retry.
2022-03-21 14:34:59,139 INFO  main                             - SOFABoot HealthChecker readiness check result: success.
2022-03-21 14:34:59,141 INFO  main                             - Begin SOFABoot HealthIndicator readiness check.
2022-03-21 14:34:59,141 INFO  main                             - SOFABoot HealthChecker readiness check 2 item: diskSpaceHealthIndicator,pingHealthContributor.
2022-03-21 14:34:59,143 INFO  main                             - HealthIndicator[diskSpaceHealthIndicator] readiness check start.
2022-03-21 14:34:59,145 INFO  main                             - HealthIndicator[diskSpaceHealthIndicator] readiness check success.
2022-03-21 14:34:59,145 INFO  main                             - HealthIndicator[pingHealthContributor] readiness check start.
2022-03-21 14:34:59,146 INFO  main                             - HealthIndicator[pingHealthContributor] readiness check success.
2022-03-21 14:34:59,146 INFO  main                             - SOFABoot HealthIndicator readiness check result: success.
2022-03-21 14:34:59,147 INFO  main                             - Invoking all readiness check callbacks...
2022-03-21 14:34:59,147 INFO  main                             - Begin ReadinessCheckCallback readiness check
2022-03-21 14:34:59,769 INFO  main                             - SOFABoot ReadinessCheckCallback[rpcAfterHealthCheckCallback] check success.
2022-03-21 14:34:59,769 INFO  main                             - ReadinessCheckCallback readiness check result: success.
2022-03-21 14:34:59,769 INFO  main                             - Readiness check result: success
