2022-03-18 10:10:52,815 ERROR SpringContextShutdownHook        - SOFA-BOOT-01-03001: Failed to unregister component [service:com.example.server.api.TestApi]
java.util.MissingFormatArgumentException: Format specifier '%s'
	at java.util.Formatter.format(Formatter.java:2519)
	at java.util.Formatter.format(Formatter.java:2455)
	at java.lang.String.format(String.java:2940)
	at com.alipay.sofa.common.code.LogCode2Description.convert(LogCode2Description.java:145)
	at com.alipay.sofa.boot.error.ErrorCode.convert(ErrorCode.java:35)
	at com.alipay.sofa.runtime.service.component.ServiceComponent.deactivate(ServiceComponent.java:204)
	at com.alipay.sofa.runtime.spi.component.AbstractComponent.unresolve(AbstractComponent.java:108)
	at com.alipay.sofa.runtime.spi.component.AbstractComponent.unregister(AbstractComponent.java:95)
	at com.alipay.sofa.runtime.service.component.ServiceComponent.unregister(ServiceComponent.java:222)
	at com.alipay.sofa.runtime.component.impl.ComponentManagerImpl.unregister(ComponentManagerImpl.java:201)
	at com.alipay.sofa.runtime.component.impl.ComponentManagerImpl.shutdown(ComponentManagerImpl.java:111)
	at com.alipay.sofa.runtime.component.impl.StandardSofaRuntimeManager.shutdown(StandardSofaRuntimeManager.java:120)
	at sun.reflect.NativeMethodAccessorImpl.invoke0(Native Method)
	at sun.reflect.NativeMethodAccessorImpl.invoke(NativeMethodAccessorImpl.java:62)
	at sun.reflect.DelegatingMethodAccessorImpl.invoke(DelegatingMethodAccessorImpl.java:43)
	at java.lang.reflect.Method.invoke(Method.java:498)
	at org.springframework.beans.factory.support.DisposableBeanAdapter.invokeCustomDestroyMethod(DisposableBeanAdapter.java:280)
	at org.springframework.beans.factory.support.DisposableBeanAdapter.destroy(DisposableBeanAdapter.java:214)
	at org.springframework.beans.factory.support.DefaultSingletonBeanRegistry.destroyBean(DefaultSingletonBeanRegistry.java:587)
	at org.springframework.beans.factory.support.DefaultSingletonBeanRegistry.destroySingleton(DefaultSingletonBeanRegistry.java:559)
	at org.springframework.beans.factory.support.DefaultListableBeanFactory.destroySingleton(DefaultListableBeanFactory.java:1092)
	at org.springframework.beans.factory.support.DefaultSingletonBeanRegistry.destroySingletons(DefaultSingletonBeanRegistry.java:520)
	at org.springframework.beans.factory.support.DefaultListableBeanFactory.destroySingletons(DefaultListableBeanFactory.java:1085)
	at org.springframework.context.support.AbstractApplicationContext.destroyBeans(AbstractApplicationContext.java:1061)
	at org.springframework.context.support.AbstractApplicationContext.doClose(AbstractApplicationContext.java:1030)
	at org.springframework.boot.web.servlet.context.ServletWebServerApplicationContext.doClose(ServletWebServerApplicationContext.java:170)
	at org.springframework.context.support.AbstractApplicationContext$1.run(AbstractApplicationContext.java:949)
